<?xml version="1.0" encoding="utf-8"?>
<CoverageSession xmlns:xsd="http://www.w3.org/2001/XMLSchema" xmlns:xsi="http://www.w3.org/2001/XMLSchema-instance" Version="0.0.0.0">
  <Summary numSequencePoints="50" visitedSequencePoints="40" numBranchPoints="0" visitedBranchPoints="0" sequenceCoverage="80.00" branchCoverage="0.0" maxCyclomaticComplexity="0" minCyclomaticComplexity="0" maxCrapScore="0" minCrapScore="0" visitedClasses="9" numClasses="9" visitedMethods="10" numMethods="10" />
  <Modules>
    <Module>
      <Summary numSequencePoints="50" visitedSequencePoints="40" numBranchPoints="0" visitedBranchPoints="0" sequenceCoverage="80.00" branchCoverage="0.0" maxCyclomaticComplexity="0" minCyclomaticComplexity="0" maxCrapScore="0" minCrapScore="0" visitedClasses="9" numClasses="9" visitedMethods="10" numMethods="10" />
      <ModuleTime>0001-01-01T00:00:00</ModuleTime>
      <ModuleName>Bossy</ModuleName>
      <Files>
        <File uid="1" fullPath="C:/Users/tadad/Documents/src/bossy/Assets/Bossy/Runtime/Utils/Log.cs" />
        <File uid="2" fullPath="C:/Users/tadad/Documents/src/bossy/Assets/Bossy/Runtime/Registry/CommandRegistry.cs" />
        <File uid="3" fullPath="C:/Users/tadad/Documents/src/bossy/Assets/Bossy/Runtime/Registry/Discovery/ICommandDiscoverer.cs" />
        <File uid="4" fullPath="C:/Users/tadad/Documents/src/bossy/Assets/Bossy/Runtime/Registry/Discovery/ReflectiveCommandDiscoverer.cs" />
        <File uid="5" fullPath="C:/Users/tadad/Documents/src/bossy/Assets/Bossy/Runtime/Registry/SchemaBuilding/ArgumentSchemaBuilder.cs" />
        <File uid="6" fullPath="C:/Users/tadad/Documents/src/bossy/Assets/Bossy/Runtime/Registry/SchemaBuilding/CommandDependencyGraph.cs" />
        <File uid="7" fullPath="C:/Users/tadad/Documents/src/bossy/Assets/Bossy/Runtime/Registry/SchemaBuilding/CommandDependencyNode.cs" />
        <File uid="8" fullPath="C:/Users/tadad/Documents/src/bossy/Assets/Bossy/Runtime/Registry/SchemaBuilding/CommandSchemaBuilder.cs" />
        <File uid="9" fullPath="C:/Users/tadad/Documents/src/bossy/Assets/Bossy/Runtime/Command/Attributes/ArgumentAttribute.cs" />
        <File uid="10" fullPath="C:/Users/tadad/Documents/src/bossy/Assets/Bossy/Runtime/Command/Attributes/CommandAttribute.cs" />
        <File uid="11" fullPath="C:/Users/tadad/Documents/src/bossy/Assets/Bossy/Runtime/Command/Attributes/OptionalAttribute.cs" />
        <File uid="12" fullPath="C:/Users/tadad/Documents/src/bossy/Assets/Bossy/Runtime/Command/Attributes/PositionalAttribute.cs" />
        <File uid="13" fullPath="C:/Users/tadad/Documents/src/bossy/Assets/Bossy/Runtime/Command/Attributes/SwitchAttribute.cs" />
        <File uid="14" fullPath="C:/Users/tadad/Documents/src/bossy/Assets/Bossy/Runtime/Command/Attributes/VariadicAttribute.cs" />
        <File uid="15" fullPath="C:/Users/tadad/Documents/src/bossy/Assets/Bossy/Runtime/Command/Authoring/CommandContext.cs" />
        <File uid="16" fullPath="C:/Users/tadad/Documents/src/bossy/Assets/Bossy/Runtime/Command/Authoring/SimpleCommand.cs" />
        <File uid="17" fullPath="C:/Users/tadad/Documents/src/bossy/Assets/Bossy/Runtime/Command/Schema/ArgumentSchema.cs" />
        <File uid="18" fullPath="C:/Users/tadad/Documents/src/bossy/Assets/Bossy/Runtime/Command/Schema/CommandSchema.cs" />
        <File uid="19" fullPath="C:/Users/tadad/Documents/src/bossy/Assets/Bossy/Runtime/Command/Schema/Validation/ErrorContexts.cs" />
        <File uid="20" fullPath="C:/Users/tadad/Documents/src/bossy/Assets/Bossy/Runtime/Command/Schema/Validation/ValidationResult.cs" />
        <File uid="21" fullPath="C:/Users/tadad/Documents/src/bossy/Assets/Bossy/Runtime/Command/Schema/Validation/Validator.cs" />
      </Files>
      <Classes>
        <Class>
          <Summary numSequencePoints="3" visitedSequencePoints="3" numBranchPoints="0" visitedBranchPoints="0" sequenceCoverage="100.0" branchCoverage="0.0" maxCyclomaticComplexity="0" minCyclomaticComplexity="0" maxCrapScore="0" minCrapScore="0" visitedClasses="1" numClasses="1" visitedMethods="1" numMethods="1" />
          <FullName>Bossy.Registry.ICommandDiscoverer</FullName>
          <Methods>
            <Method visited="true" cyclomaticComplexity="0" nPathComplexity="0" sequenceCoverage="100.0" branchCoverage="0" crapScore="0" isConstructor="false" isStatic="true" isGetter="false" isSetter="false">
              <Summary numSequencePoints="3" visitedSequencePoints="3" numBranchPoints="0" visitedBranchPoints="0" sequenceCoverage="100.0" branchCoverage="0" maxCyclomaticComplexity="0" minCyclomaticComplexity="0" maxCrapScore="0" minCrapScore="0" visitedClasses="0" numClasses="0" visitedMethods="1" numMethods="1" />
              <MetadataToken>100663305</MetadataToken>
              <Name>static System.Boolean Bossy.Registry.ICommandDiscoverer::IsCommandType(System.Type)</Name>
              <FileRef uid="3" />
              <SequencePoints>
                <SequencePoint vc="17" uspid="318" ordinal="0" offset="0" sl="25" sc="9" el="25" ec="9" bec="0" bev="0" fileid="3" />
                <SequencePoint vc="17" uspid="319" ordinal="0" offset="1" sl="26" sc="13" el="26" ec="13" bec="0" bev="0" fileid="3" />
                <SequencePoint vc="17" uspid="320" ordinal="0" offset="50" sl="29" sc="9" el="29" ec="9" bec="0" bev="0" fileid="3" />
              </SequencePoints>
              <BranchPoints />
            </Method>
          </Methods>
        </Class>
        <Class>
          <Summary numSequencePoints="7" visitedSequencePoints="7" numBranchPoints="0" visitedBranchPoints="0" sequenceCoverage="100.0" branchCoverage="0.0" maxCyclomaticComplexity="0" minCyclomaticComplexity="0" maxCrapScore="0" minCrapScore="0" visitedClasses="1" numClasses="1" visitedMethods="2" numMethods="2" />
          <FullName>Bossy.Registry.ReflectiveCommandDiscoverer</FullName>
          <Methods>
            <Method visited="true" cyclomaticComplexity="0" nPathComplexity="0" sequenceCoverage="100.0" branchCoverage="0" crapScore="0" isConstructor="false" isStatic="false" isGetter="false" isSetter="false">
              <Summary numSequencePoints="3" visitedSequencePoints="3" numBranchPoints="0" visitedBranchPoints="0" sequenceCoverage="100.0" branchCoverage="0" maxCyclomaticComplexity="0" minCyclomaticComplexity="0" maxCrapScore="0" minCrapScore="0" visitedClasses="0" numClasses="0" visitedMethods="1" numMethods="1" />
              <MetadataToken>100663307</MetadataToken>
              <Name>System.Collections.Generic.IReadOnlyList[Type] Bossy.Registry.ReflectiveCommandDiscoverer::GetAllCommandTypes()</Name>
              <FileRef uid="4" />
              <SequencePoints>
                <SequencePoint vc="4" uspid="321" ordinal="0" offset="0" sl="28" sc="9" el="28" ec="9" bec="0" bev="0" fileid="4" />
                <SequencePoint vc="4" uspid="322" ordinal="0" offset="1" sl="29" sc="13" el="29" ec="13" bec="0" bev="0" fileid="4" />
                <SequencePoint vc="4" uspid="323" ordinal="0" offset="73" sl="49" sc="9" el="49" ec="9" bec="0" bev="0" fileid="4" />
              </SequencePoints>
              <BranchPoints />
            </Method>
            <Method visited="true" cyclomaticComplexity="0" nPathComplexity="0" sequenceCoverage="100.0" branchCoverage="0" crapScore="0" isConstructor="true" isStatic="false" isGetter="false" isSetter="false">
              <Summary numSequencePoints="4" visitedSequencePoints="4" numBranchPoints="0" visitedBranchPoints="0" sequenceCoverage="100.0" branchCoverage="0" maxCyclomaticComplexity="0" minCyclomaticComplexity="0" maxCrapScore="0" minCrapScore="0" visitedClasses="0" numClasses="0" visitedMethods="1" numMethods="1" />
              <MetadataToken>100663306</MetadataToken>
              <Name>Bossy.Registry.ReflectiveCommandDiscoverer::ReflectiveCommandDiscoverer(System.Reflection.Assembly, System.Reflection.Assembly[])</Name>
              <FileRef uid="4" />
              <SequencePoints>
                <SequencePoint vc="4" uspid="324" ordinal="0" offset="0" sl="22" sc="9" el="22" ec="9" bec="0" bev="0" fileid="4" />
                <SequencePoint vc="4" uspid="325" ordinal="0" offset="7" sl="23" sc="9" el="23" ec="9" bec="0" bev="0" fileid="4" />
                <SequencePoint vc="4" uspid="326" ordinal="0" offset="8" sl="24" sc="13" el="24" ec="13" bec="0" bev="0" fileid="4" />
                <SequencePoint vc="4" uspid="327" ordinal="0" offset="35" sl="25" sc="9" el="25" ec="9" bec="0" bev="0" fileid="4" />
              </SequencePoints>
              <BranchPoints />
            </Method>
          </Methods>
        </Class>
        <Class>
          <Summary numSequencePoints="5" visitedSequencePoints="5" numBranchPoints="0" visitedBranchPoints="0" sequenceCoverage="100.0" branchCoverage="0.0" maxCyclomaticComplexity="0" minCyclomaticComplexity="0" maxCrapScore="0" minCrapScore="0" visitedClasses="1" numClasses="1" visitedMethods="1" numMethods="1" />
          <FullName>Bossy.Command.ArgumentAttribute</FullName>
          <Methods>
            <Method visited="true" cyclomaticComplexity="0" nPathComplexity="0" sequenceCoverage="100.0" branchCoverage="0" crapScore="0" isConstructor="true" isStatic="false" isGetter="false" isSetter="false">
              <Summary numSequencePoints="5" visitedSequencePoints="5" numBranchPoints="0" visitedBranchPoints="0" sequenceCoverage="100.0" branchCoverage="0" maxCyclomaticComplexity="0" minCyclomaticComplexity="0" maxCrapScore="0" minCrapScore="0" visitedClasses="0" numClasses="0" visitedMethods="1" numMethods="1" />
              <MetadataToken>100663313</MetadataToken>
              <Name>Bossy.Command.ArgumentAttribute::ArgumentAttribute(System.String, System.String)</Name>
              <FileRef uid="9" />
              <SequencePoints>
                <SequencePoint vc="31" uspid="365" ordinal="0" offset="0" sl="25" sc="9" el="25" ec="9" bec="0" bev="0" fileid="9" />
                <SequencePoint vc="31" uspid="366" ordinal="0" offset="7" sl="26" sc="9" el="26" ec="9" bec="0" bev="0" fileid="9" />
                <SequencePoint vc="31" uspid="367" ordinal="0" offset="8" sl="27" sc="13" el="27" ec="13" bec="0" bev="0" fileid="9" />
                <SequencePoint vc="31" uspid="368" ordinal="0" offset="15" sl="28" sc="13" el="28" ec="13" bec="0" bev="0" fileid="9" />
                <SequencePoint vc="31" uspid="369" ordinal="0" offset="22" sl="29" sc="9" el="29" ec="9" bec="0" bev="0" fileid="9" />
              </SequencePoints>
              <BranchPoints />
            </Method>
          </Methods>
        </Class>
        <Class>
          <Summary numSequencePoints="6" visitedSequencePoints="6" numBranchPoints="0" visitedBranchPoints="0" sequenceCoverage="100.0" branchCoverage="0.0" maxCyclomaticComplexity="0" minCyclomaticComplexity="0" maxCrapScore="0" minCrapScore="0" visitedClasses="1" numClasses="1" visitedMethods="1" numMethods="1" />
          <FullName>Bossy.Command.CommandAttribute</FullName>
          <Methods>
            <Method visited="true" cyclomaticComplexity="0" nPathComplexity="0" sequenceCoverage="100.0" branchCoverage="0" crapScore="0" isConstructor="true" isStatic="false" isGetter="false" isSetter="false">
              <Summary numSequencePoints="6" visitedSequencePoints="6" numBranchPoints="0" visitedBranchPoints="0" sequenceCoverage="100.0" branchCoverage="0" maxCyclomaticComplexity="0" minCyclomaticComplexity="0" maxCrapScore="0" minCrapScore="0" visitedClasses="0" numClasses="0" visitedMethods="1" numMethods="1" />
              <MetadataToken>100663315</MetadataToken>
              <Name>Bossy.Command.CommandAttribute::CommandAttribute(System.String, System.String, System.Type)</Name>
              <FileRef uid="10" />
              <SequencePoints>
                <SequencePoint vc="15" uspid="370" ordinal="0" offset="0" sl="21" sc="9" el="21" ec="9" bec="0" bev="0" fileid="10" />
                <SequencePoint vc="15" uspid="371" ordinal="0" offset="7" sl="22" sc="9" el="22" ec="9" bec="0" bev="0" fileid="10" />
                <SequencePoint vc="15" uspid="372" ordinal="0" offset="8" sl="23" sc="13" el="23" ec="13" bec="0" bev="0" fileid="10" />
                <SequencePoint vc="15" uspid="373" ordinal="0" offset="15" sl="24" sc="13" el="24" ec="13" bec="0" bev="0" fileid="10" />
                <SequencePoint vc="15" uspid="374" ordinal="0" offset="22" sl="25" sc="13" el="25" ec="13" bec="0" bev="0" fileid="10" />
                <SequencePoint vc="15" uspid="375" ordinal="0" offset="29" sl="26" sc="9" el="26" ec="9" bec="0" bev="0" fileid="10" />
              </SequencePoints>
              <BranchPoints />
            </Method>
          </Methods>
        </Class>
        <Class>
          <Summary numSequencePoints="4" visitedSequencePoints="4" numBranchPoints="0" visitedBranchPoints="0" sequenceCoverage="100.0" branchCoverage="0.0" maxCyclomaticComplexity="0" minCyclomaticComplexity="0" maxCrapScore="0" minCrapScore="0" visitedClasses="1" numClasses="1" visitedMethods="1" numMethods="1" />
          <FullName>Bossy.Command.OptionalAttribute</FullName>
          <Methods>
            <Method visited="true" cyclomaticComplexity="0" nPathComplexity="0" sequenceCoverage="100.0" branchCoverage="0" crapScore="0" isConstructor="true" isStatic="false" isGetter="false" isSetter="false">
              <Summary numSequencePoints="4" visitedSequencePoints="4" numBranchPoints="0" visitedBranchPoints="0" sequenceCoverage="100.0" branchCoverage="0" maxCyclomaticComplexity="0" minCyclomaticComplexity="0" maxCrapScore="0" minCrapScore="0" visitedClasses="0" numClasses="0" visitedMethods="1" numMethods="1" />
              <MetadataToken>100663316</MetadataToken>
              <Name>Bossy.Command.OptionalAttribute::OptionalAttribute(System.Int32, System.String, System.String)</Name>
              <FileRef uid="11" />
              <SequencePoints>
                <SequencePoint vc="10" uspid="376" ordinal="0" offset="0" sl="23" sc="87" el="23" ec="87" bec="0" bev="0" fileid="11" />
                <SequencePoint vc="10" uspid="377" ordinal="0" offset="9" sl="24" sc="9" el="24" ec="9" bec="0" bev="0" fileid="11" />
                <SequencePoint vc="10" uspid="378" ordinal="0" offset="10" sl="25" sc="13" el="25" ec="13" bec="0" bev="0" fileid="11" />
                <SequencePoint vc="10" uspid="379" ordinal="0" offset="17" sl="26" sc="9" el="26" ec="9" bec="0" bev="0" fileid="11" />
              </SequencePoints>
              <BranchPoints />
            </Method>
          </Methods>
        </Class>
        <Class>
          <Summary numSequencePoints="4" visitedSequencePoints="4" numBranchPoints="0" visitedBranchPoints="0" sequenceCoverage="100.0" branchCoverage="0.0" maxCyclomaticComplexity="0" minCyclomaticComplexity="0" maxCrapScore="0" minCrapScore="0" visitedClasses="1" numClasses="1" visitedMethods="1" numMethods="1" />
          <FullName>Bossy.Command.PositionalAttribute</FullName>
          <Methods>
            <Method visited="true" cyclomaticComplexity="0" nPathComplexity="0" sequenceCoverage="100.0" branchCoverage="0" crapScore="0" isConstructor="true" isStatic="false" isGetter="false" isSetter="false">
              <Summary numSequencePoints="4" visitedSequencePoints="4" numBranchPoints="0" visitedBranchPoints="0" sequenceCoverage="100.0" branchCoverage="0" maxCyclomaticComplexity="0" minCyclomaticComplexity="0" maxCrapScore="0" minCrapScore="0" visitedClasses="0" numClasses="0" visitedMethods="1" numMethods="1" />
              <MetadataToken>100663317</MetadataToken>
              <Name>Bossy.Command.PositionalAttribute::PositionalAttribute(System.Int32, System.String, System.String)</Name>
              <FileRef uid="12" />
              <SequencePoints>
                <SequencePoint vc="9" uspid="380" ordinal="0" offset="0" sl="22" sc="89" el="22" ec="89" bec="0" bev="0" fileid="12" />
                <SequencePoint vc="9" uspid="381" ordinal="0" offset="9" sl="23" sc="9" el="23" ec="9" bec="0" bev="0" fileid="12" />
                <SequencePoint vc="9" uspid="382" ordinal="0" offset="10" sl="24" sc="13" el="24" ec="13" bec="0" bev="0" fileid="12" />
                <SequencePoint vc="9" uspid="383" ordinal="0" offset="17" sl="25" sc="9" el="25" ec="9" bec="0" bev="0" fileid="12" />
              </SequencePoints>
              <BranchPoints />
            </Method>
          </Methods>
        </Class>
        <Class>
          <Summary numSequencePoints="4" visitedSequencePoints="4" numBranchPoints="0" visitedBranchPoints="0" sequenceCoverage="100.0" branchCoverage="0.0" maxCyclomaticComplexity="0" minCyclomaticComplexity="0" maxCrapScore="0" minCrapScore="0" visitedClasses="1" numClasses="1" visitedMethods="1" numMethods="1" />
          <FullName>Bossy.Command.SwitchAttribute</FullName>
          <Methods>
            <Method visited="true" cyclomaticComplexity="0" nPathComplexity="0" sequenceCoverage="100.0" branchCoverage="0" crapScore="0" isConstructor="true" isStatic="false" isGetter="false" isSetter="false">
              <Summary numSequencePoints="4" visitedSequencePoints="4" numBranchPoints="0" visitedBranchPoints="0" sequenceCoverage="100.0" branchCoverage="0" maxCyclomaticComplexity="0" minCyclomaticComplexity="0" maxCrapScore="0" minCrapScore="0" visitedClasses="0" numClasses="0" visitedMethods="1" numMethods="1" />
              <MetadataToken>100663318</MetadataToken>
              <Name>Bossy.Command.SwitchAttribute::SwitchAttribute(System.Char, System.String, System.String)</Name>
              <FileRef uid="13" />
              <SequencePoints>
                <SequencePoint vc="5" uspid="384" ordinal="0" offset="0" sl="22" sc="94" el="22" ec="94" bec="0" bev="0" fileid="13" />
                <SequencePoint vc="5" uspid="385" ordinal="0" offset="9" sl="23" sc="9" el="23" ec="9" bec="0" bev="0" fileid="13" />
                <SequencePoint vc="5" uspid="386" ordinal="0" offset="10" sl="24" sc="13" el="24" ec="13" bec="0" bev="0" fileid="13" />
                <SequencePoint vc="5" uspid="387" ordinal="0" offset="17" sl="25" sc="9" el="25" ec="9" bec="0" bev="0" fileid="13" />
              </SequencePoints>
              <BranchPoints />
            </Method>
          </Methods>
        </Class>
        <Class>
          <Summary numSequencePoints="3" visitedSequencePoints="3" numBranchPoints="0" visitedBranchPoints="0" sequenceCoverage="100.0" branchCoverage="0.0" maxCyclomaticComplexity="0" minCyclomaticComplexity="0" maxCrapScore="0" minCrapScore="0" visitedClasses="1" numClasses="1" visitedMethods="1" numMethods="1" />
          <FullName>Bossy.Command.VariadicAttribute</FullName>
          <Methods>
            <Method visited="true" cyclomaticComplexity="0" nPathComplexity="0" sequenceCoverage="100.0" branchCoverage="0" crapScore="0" isConstructor="true" isStatic="false" isGetter="false" isSetter="false">
              <Summary numSequencePoints="3" visitedSequencePoints="3" numBranchPoints="0" visitedBranchPoints="0" sequenceCoverage="100.0" branchCoverage="0" maxCyclomaticComplexity="0" minCyclomaticComplexity="0" maxCrapScore="0" minCrapScore="0" visitedClasses="0" numClasses="0" visitedMethods="1" numMethods="1" />
              <MetadataToken>100663319</MetadataToken>
              <Name>Bossy.Command.VariadicAttribute::VariadicAttribute(System.String, System.String)</Name>
              <FileRef uid="14" />
              <SequencePoints>
                <SequencePoint vc="7" uspid="388" ordinal="0" offset="0" sl="17" sc="76" el="17" ec="76" bec="0" bev="0" fileid="14" />
                <SequencePoint vc="7" uspid="389" ordinal="0" offset="9" sl="17" sc="100" el="17" ec="100" bec="0" bev="0" fileid="14" />
                <SequencePoint vc="7" uspid="390" ordinal="0" offset="10" sl="17" sc="102" el="17" ec="102" bec="0" bev="0" fileid="14" />
              </SequencePoints>
              <BranchPoints />
            </Method>
          </Methods>
        </Class>
        <Class>
          <Summary numSequencePoints="14" visitedSequencePoints="4" numBranchPoints="0" visitedBranchPoints="0" sequenceCoverage="28.57" branchCoverage="0.0" maxCyclomaticComplexity="0" minCyclomaticComplexity="0" maxCrapScore="0" minCrapScore="0" visitedClasses="1" numClasses="1" visitedMethods="1" numMethods="1" />
          <FullName>Bossy.Registry.ReflectiveCommandDiscoverer/&lt;&gt;c</FullName>
          <Methods>
            <Method visited="true" cyclomaticComplexity="0" nPathComplexity="0" sequenceCoverage="28.57" branchCoverage="0" crapScore="0" isConstructor="false" isStatic="false" isGetter="false" isSetter="false">
              <Summary numSequencePoints="14" visitedSequencePoints="4" numBranchPoints="0" visitedBranchPoints="0" sequenceCoverage="28.57" branchCoverage="0" maxCyclomaticComplexity="0" minCyclomaticComplexity="0" maxCrapScore="0" minCrapScore="0" visitedClasses="0" numClasses="0" visitedMethods="1" numMethods="1" />
              <MetadataToken>100663374</MetadataToken>
              <Name>System.Collections.Generic.IEnumerable[Type] Bossy.Registry.ReflectiveCommandDiscoverer/&lt;&gt;c::&lt;GetAllCommandTypes&gt;b__2_0(System.Reflection.Assembly)</Name>
              <FileRef uid="4" />
              <SequencePoints>
                <SequencePoint vc="5" uspid="592" ordinal="0" offset="0" sl="31" sc="17" el="31" ec="17" bec="0" bev="0" fileid="4" />
                <SequencePoint vc="5" uspid="593" ordinal="0" offset="1" sl="33" sc="21" el="33" ec="21" bec="0" bev="0" fileid="4" />
                <SequencePoint vc="5" uspid="594" ordinal="0" offset="2" sl="34" sc="25" el="34" ec="25" bec="0" bev="0" fileid="4" />
                <SequencePoint vc="0" uspid="595" ordinal="0" offset="11" sl="36" sc="21" el="36" ec="21" bec="0" bev="0" fileid="4" />
                <SequencePoint vc="0" uspid="596" ordinal="0" offset="12" sl="37" sc="21" el="37" ec="21" bec="0" bev="0" fileid="4" />
                <SequencePoint vc="0" uspid="597" ordinal="0" offset="13" sl="38" sc="25" el="38" ec="25" bec="0" bev="0" fileid="4" />
                <SequencePoint vc="0" uspid="598" ordinal="0" offset="14" sl="38" sc="44" el="38" ec="44" bec="0" bev="0" fileid="4" />
                <SequencePoint vc="0" uspid="599" ordinal="0" offset="25" sl="38" sc="34" el="38" ec="34" bec="0" bev="0" fileid="4" />
                <SequencePoint vc="0" uspid="600" ordinal="0" offset="30" sl="39" sc="25" el="39" ec="25" bec="0" bev="0" fileid="4" />
                <SequencePoint vc="0" uspid="601" ordinal="0" offset="31" sl="41" sc="29" el="41" ec="29" bec="0" bev="0" fileid="4" />
                <SequencePoint vc="0" uspid="602" ordinal="0" offset="61" sl="42" sc="25" el="42" ec="25" bec="0" bev="0" fileid="4" />
                <SequencePoint vc="0" uspid="603" ordinal="0" offset="66" sl="38" sc="41" el="38" ec="41" bec="0" bev="0" fileid="4" />
                <SequencePoint vc="0" uspid="604" ordinal="0" offset="72" sl="44" sc="25" el="44" ec="25" bec="0" bev="0" fileid="4" />
                <SequencePoint vc="5" uspid="605" ordinal="0" offset="117" sl="46" sc="17" el="46" ec="17" bec="0" bev="0" fileid="4" />
              </SequencePoints>
              <BranchPoints />
            </Method>
          </Methods>
        </Class>
      </Classes>
    </Module>
  </Modules>
</CoverageSession>