<?xml version="1.0" encoding="utf-8"?>
<CoverageSession xmlns:xsd="http://www.w3.org/2001/XMLSchema" xmlns:xsi="http://www.w3.org/2001/XMLSchema-instance" Version="0.0.0.0">
  <Summary numSequencePoints="50" visitedSequencePoints="40" numBranchPoints="0" visitedBranchPoints="0" sequenceCoverage="80.00" branchCoverage="0.0" maxCyclomaticComplexity="0" minCyclomaticComplexity="0" maxCrapScore="0" minCrapScore="0" visitedClasses="9" numClasses="9" visitedMethods="10" numMethods="10" />
  <Modules>
    <Module>
      <Summary numSequencePoints="50" visitedSequencePoints="40" numBranchPoints="0" visitedBranchPoints="0" sequenceCoverage="80.00" branchCoverage="0.0" maxCyclomaticComplexity="0" minCyclomaticComplexity="0" maxCrapScore="0" minCrapScore="0" visitedClasses="9" numClasses="9" visitedMethods="10" numMethods="10" />
      <ModuleTime>0001-01-01T00:00:00</ModuleTime>
      <ModuleName>Bossy</ModuleName>
      <Files>
        <File uid="1" fullPath="C:/Users/tadad/Documents/src/bossy/Assets/Bossy/Runtime/Utils/BossyInitializationException.cs" />
        <File uid="2" fullPath="C:/Users/tadad/Documents/src/bossy/Assets/Bossy/Runtime/Utils/Log.cs" />
        <File uid="3" fullPath="C:/Users/tadad/Documents/src/bossy/Assets/Bossy/Runtime/Schema/ArgumentSchema.cs" />
        <File uid="4" fullPath="C:/Users/tadad/Documents/src/bossy/Assets/Bossy/Runtime/Schema/CommandSchema.cs" />
        <File uid="5" fullPath="C:/Users/tadad/Documents/src/bossy/Assets/Bossy/Runtime/Schema/Construction/ArgumentSchemaBuilder.cs" />
        <File uid="6" fullPath="C:/Users/tadad/Documents/src/bossy/Assets/Bossy/Runtime/Schema/Construction/CommandDependencyGraph.cs" />
        <File uid="7" fullPath="C:/Users/tadad/Documents/src/bossy/Assets/Bossy/Runtime/Schema/Construction/CommandDependencyGraphBuilder.cs" />
        <File uid="8" fullPath="C:/Users/tadad/Documents/src/bossy/Assets/Bossy/Runtime/Schema/Construction/CommandDependencyNode.cs" />
        <File uid="9" fullPath="C:/Users/tadad/Documents/src/bossy/Assets/Bossy/Runtime/Schema/Construction/CommandSchemaBuilder.cs" />
        <File uid="10" fullPath="C:/Users/tadad/Documents/src/bossy/Assets/Bossy/Runtime/Schema/Validation/ErrorContexts.cs" />
        <File uid="11" fullPath="C:/Users/tadad/Documents/src/bossy/Assets/Bossy/Runtime/Schema/Validation/ValidationResult.cs" />
        <File uid="12" fullPath="C:/Users/tadad/Documents/src/bossy/Assets/Bossy/Runtime/Schema/Validation/Validator.cs" />
        <File uid="13" fullPath="C:/Users/tadad/Documents/src/bossy/Assets/Bossy/Runtime/Registry/CommandRegistry.cs" />
        <File uid="14" fullPath="C:/Users/tadad/Documents/src/bossy/Assets/Bossy/Runtime/Registry/ICommandDiscoverer.cs" />
        <File uid="15" fullPath="C:/Users/tadad/Documents/src/bossy/Assets/Bossy/Runtime/Registry/ReflectiveCommandDiscoverer.cs" />
        <File uid="16" fullPath="C:/Users/tadad/Documents/src/bossy/Assets/Bossy/Runtime/Command/Attributes/ArgumentAttribute.cs" />
        <File uid="17" fullPath="C:/Users/tadad/Documents/src/bossy/Assets/Bossy/Runtime/Command/Attributes/CommandAttribute.cs" />
        <File uid="18" fullPath="C:/Users/tadad/Documents/src/bossy/Assets/Bossy/Runtime/Command/Attributes/OptionalAttribute.cs" />
        <File uid="19" fullPath="C:/Users/tadad/Documents/src/bossy/Assets/Bossy/Runtime/Command/Attributes/PositionalAttribute.cs" />
        <File uid="20" fullPath="C:/Users/tadad/Documents/src/bossy/Assets/Bossy/Runtime/Command/Attributes/SwitchAttribute.cs" />
        <File uid="21" fullPath="C:/Users/tadad/Documents/src/bossy/Assets/Bossy/Runtime/Command/Attributes/VariadicAttribute.cs" />
        <File uid="22" fullPath="C:/Users/tadad/Documents/src/bossy/Assets/Bossy/Runtime/Command/Authoring/CommandContext.cs" />
        <File uid="23" fullPath="C:/Users/tadad/Documents/src/bossy/Assets/Bossy/Runtime/Command/Authoring/CommandMetaProcessor.cs" />
        <File uid="24" fullPath="C:/Users/tadad/Documents/src/bossy/Assets/Bossy/Runtime/Command/Authoring/SimpleCommand.cs" />
      </Files>
      <Classes>
        <Class>
          <Summary numSequencePoints="3" visitedSequencePoints="3" numBranchPoints="0" visitedBranchPoints="0" sequenceCoverage="100.0" branchCoverage="0.0" maxCyclomaticComplexity="0" minCyclomaticComplexity="0" maxCrapScore="0" minCrapScore="0" visitedClasses="1" numClasses="1" visitedMethods="1" numMethods="1" />
          <FullName>Bossy.Registry.ICommandDiscoverer</FullName>
          <Methods>
            <Method visited="true" cyclomaticComplexity="0" nPathComplexity="0" sequenceCoverage="100.0" branchCoverage="0" crapScore="0" isConstructor="false" isStatic="true" isGetter="false" isSetter="false">
              <Summary numSequencePoints="3" visitedSequencePoints="3" numBranchPoints="0" visitedBranchPoints="0" sequenceCoverage="100.0" branchCoverage="0" maxCyclomaticComplexity="0" minCyclomaticComplexity="0" maxCrapScore="0" minCrapScore="0" visitedClasses="0" numClasses="0" visitedMethods="1" numMethods="1" />
              <MetadataToken>100663384</MetadataToken>
              <Name>static System.Boolean Bossy.Registry.ICommandDiscoverer::IsCommandType(System.Type)</Name>
              <FileRef uid="14" />
              <SequencePoints>
                <SequencePoint vc="17" uspid="874" ordinal="0" offset="0" sl="25" sc="9" el="25" ec="9" bec="0" bev="0" fileid="14" />
                <SequencePoint vc="17" uspid="875" ordinal="0" offset="1" sl="26" sc="13" el="26" ec="13" bec="0" bev="0" fileid="14" />
                <SequencePoint vc="17" uspid="876" ordinal="0" offset="50" sl="29" sc="9" el="29" ec="9" bec="0" bev="0" fileid="14" />
              </SequencePoints>
              <BranchPoints />
            </Method>
          </Methods>
        </Class>
        <Class>
          <Summary numSequencePoints="7" visitedSequencePoints="7" numBranchPoints="0" visitedBranchPoints="0" sequenceCoverage="100.0" branchCoverage="0.0" maxCyclomaticComplexity="0" minCyclomaticComplexity="0" maxCrapScore="0" minCrapScore="0" visitedClasses="1" numClasses="1" visitedMethods="2" numMethods="2" />
          <FullName>Bossy.Registry.ReflectiveCommandDiscoverer</FullName>
          <Methods>
            <Method visited="true" cyclomaticComplexity="0" nPathComplexity="0" sequenceCoverage="100.0" branchCoverage="0" crapScore="0" isConstructor="false" isStatic="false" isGetter="false" isSetter="false">
              <Summary numSequencePoints="3" visitedSequencePoints="3" numBranchPoints="0" visitedBranchPoints="0" sequenceCoverage="100.0" branchCoverage="0" maxCyclomaticComplexity="0" minCyclomaticComplexity="0" maxCrapScore="0" minCrapScore="0" visitedClasses="0" numClasses="0" visitedMethods="1" numMethods="1" />
              <MetadataToken>100663386</MetadataToken>
              <Name>System.Collections.Generic.IReadOnlyList[Type] Bossy.Registry.ReflectiveCommandDiscoverer::GetAllCommandTypes()</Name>
              <FileRef uid="15" />
              <SequencePoints>
                <SequencePoint vc="4" uspid="877" ordinal="0" offset="0" sl="28" sc="9" el="28" ec="9" bec="0" bev="0" fileid="15" />
                <SequencePoint vc="4" uspid="878" ordinal="0" offset="1" sl="29" sc="13" el="29" ec="13" bec="0" bev="0" fileid="15" />
                <SequencePoint vc="4" uspid="879" ordinal="0" offset="73" sl="49" sc="9" el="49" ec="9" bec="0" bev="0" fileid="15" />
              </SequencePoints>
              <BranchPoints />
            </Method>
            <Method visited="true" cyclomaticComplexity="0" nPathComplexity="0" sequenceCoverage="100.0" branchCoverage="0" crapScore="0" isConstructor="true" isStatic="false" isGetter="false" isSetter="false">
              <Summary numSequencePoints="4" visitedSequencePoints="4" numBranchPoints="0" visitedBranchPoints="0" sequenceCoverage="100.0" branchCoverage="0" maxCyclomaticComplexity="0" minCyclomaticComplexity="0" maxCrapScore="0" minCrapScore="0" visitedClasses="0" numClasses="0" visitedMethods="1" numMethods="1" />
              <MetadataToken>100663385</MetadataToken>
              <Name>Bossy.Registry.ReflectiveCommandDiscoverer::ReflectiveCommandDiscoverer(System.Reflection.Assembly, System.Reflection.Assembly[])</Name>
              <FileRef uid="15" />
              <SequencePoints>
                <SequencePoint vc="4" uspid="880" ordinal="0" offset="0" sl="22" sc="9" el="22" ec="9" bec="0" bev="0" fileid="15" />
                <SequencePoint vc="4" uspid="881" ordinal="0" offset="7" sl="23" sc="9" el="23" ec="9" bec="0" bev="0" fileid="15" />
                <SequencePoint vc="4" uspid="882" ordinal="0" offset="8" sl="24" sc="13" el="24" ec="13" bec="0" bev="0" fileid="15" />
                <SequencePoint vc="4" uspid="883" ordinal="0" offset="35" sl="25" sc="9" el="25" ec="9" bec="0" bev="0" fileid="15" />
              </SequencePoints>
              <BranchPoints />
            </Method>
          </Methods>
        </Class>
        <Class>
          <Summary numSequencePoints="5" visitedSequencePoints="5" numBranchPoints="0" visitedBranchPoints="0" sequenceCoverage="100.0" branchCoverage="0.0" maxCyclomaticComplexity="0" minCyclomaticComplexity="0" maxCrapScore="0" minCrapScore="0" visitedClasses="1" numClasses="1" visitedMethods="1" numMethods="1" />
          <FullName>Bossy.Command.ArgumentAttribute</FullName>
          <Methods>
            <Method visited="true" cyclomaticComplexity="0" nPathComplexity="0" sequenceCoverage="100.0" branchCoverage="0" crapScore="0" isConstructor="true" isStatic="false" isGetter="false" isSetter="false">
              <Summary numSequencePoints="5" visitedSequencePoints="5" numBranchPoints="0" visitedBranchPoints="0" sequenceCoverage="100.0" branchCoverage="0" maxCyclomaticComplexity="0" minCyclomaticComplexity="0" maxCrapScore="0" minCrapScore="0" visitedClasses="0" numClasses="0" visitedMethods="1" numMethods="1" />
              <MetadataToken>100663388</MetadataToken>
              <Name>Bossy.Command.ArgumentAttribute::ArgumentAttribute(System.String, System.String)</Name>
              <FileRef uid="16" />
              <SequencePoints>
                <SequencePoint vc="31" uspid="884" ordinal="0" offset="0" sl="25" sc="9" el="25" ec="9" bec="0" bev="0" fileid="16" />
                <SequencePoint vc="31" uspid="885" ordinal="0" offset="7" sl="26" sc="9" el="26" ec="9" bec="0" bev="0" fileid="16" />
                <SequencePoint vc="31" uspid="886" ordinal="0" offset="8" sl="27" sc="13" el="27" ec="13" bec="0" bev="0" fileid="16" />
                <SequencePoint vc="31" uspid="887" ordinal="0" offset="15" sl="28" sc="13" el="28" ec="13" bec="0" bev="0" fileid="16" />
                <SequencePoint vc="31" uspid="888" ordinal="0" offset="22" sl="29" sc="9" el="29" ec="9" bec="0" bev="0" fileid="16" />
              </SequencePoints>
              <BranchPoints />
            </Method>
          </Methods>
        </Class>
        <Class>
          <Summary numSequencePoints="6" visitedSequencePoints="6" numBranchPoints="0" visitedBranchPoints="0" sequenceCoverage="100.0" branchCoverage="0.0" maxCyclomaticComplexity="0" minCyclomaticComplexity="0" maxCrapScore="0" minCrapScore="0" visitedClasses="1" numClasses="1" visitedMethods="1" numMethods="1" />
          <FullName>Bossy.Command.CommandAttribute</FullName>
          <Methods>
            <Method visited="true" cyclomaticComplexity="0" nPathComplexity="0" sequenceCoverage="100.0" branchCoverage="0" crapScore="0" isConstructor="true" isStatic="false" isGetter="false" isSetter="false">
              <Summary numSequencePoints="6" visitedSequencePoints="6" numBranchPoints="0" visitedBranchPoints="0" sequenceCoverage="100.0" branchCoverage="0" maxCyclomaticComplexity="0" minCyclomaticComplexity="0" maxCrapScore="0" minCrapScore="0" visitedClasses="0" numClasses="0" visitedMethods="1" numMethods="1" />
              <MetadataToken>100663390</MetadataToken>
              <Name>Bossy.Command.CommandAttribute::CommandAttribute(System.String, System.String, System.Type)</Name>
              <FileRef uid="17" />
              <SequencePoints>
                <SequencePoint vc="15" uspid="889" ordinal="0" offset="0" sl="21" sc="9" el="21" ec="9" bec="0" bev="0" fileid="17" />
                <SequencePoint vc="15" uspid="890" ordinal="0" offset="7" sl="22" sc="9" el="22" ec="9" bec="0" bev="0" fileid="17" />
                <SequencePoint vc="15" uspid="891" ordinal="0" offset="8" sl="23" sc="13" el="23" ec="13" bec="0" bev="0" fileid="17" />
                <SequencePoint vc="15" uspid="892" ordinal="0" offset="15" sl="24" sc="13" el="24" ec="13" bec="0" bev="0" fileid="17" />
                <SequencePoint vc="15" uspid="893" ordinal="0" offset="22" sl="25" sc="13" el="25" ec="13" bec="0" bev="0" fileid="17" />
                <SequencePoint vc="15" uspid="894" ordinal="0" offset="29" sl="26" sc="9" el="26" ec="9" bec="0" bev="0" fileid="17" />
              </SequencePoints>
              <BranchPoints />
            </Method>
          </Methods>
        </Class>
        <Class>
          <Summary numSequencePoints="4" visitedSequencePoints="4" numBranchPoints="0" visitedBranchPoints="0" sequenceCoverage="100.0" branchCoverage="0.0" maxCyclomaticComplexity="0" minCyclomaticComplexity="0" maxCrapScore="0" minCrapScore="0" visitedClasses="1" numClasses="1" visitedMethods="1" numMethods="1" />
          <FullName>Bossy.Command.OptionalAttribute</FullName>
          <Methods>
            <Method visited="true" cyclomaticComplexity="0" nPathComplexity="0" sequenceCoverage="100.0" branchCoverage="0" crapScore="0" isConstructor="true" isStatic="false" isGetter="false" isSetter="false">
              <Summary numSequencePoints="4" visitedSequencePoints="4" numBranchPoints="0" visitedBranchPoints="0" sequenceCoverage="100.0" branchCoverage="0" maxCyclomaticComplexity="0" minCyclomaticComplexity="0" maxCrapScore="0" minCrapScore="0" visitedClasses="0" numClasses="0" visitedMethods="1" numMethods="1" />
              <MetadataToken>100663391</MetadataToken>
              <Name>Bossy.Command.OptionalAttribute::OptionalAttribute(System.Int32, System.String, System.String)</Name>
              <FileRef uid="18" />
              <SequencePoints>
                <SequencePoint vc="10" uspid="895" ordinal="0" offset="0" sl="23" sc="95" el="23" ec="95" bec="0" bev="0" fileid="18" />
                <SequencePoint vc="10" uspid="896" ordinal="0" offset="9" sl="24" sc="9" el="24" ec="9" bec="0" bev="0" fileid="18" />
                <SequencePoint vc="10" uspid="897" ordinal="0" offset="10" sl="25" sc="13" el="25" ec="13" bec="0" bev="0" fileid="18" />
                <SequencePoint vc="10" uspid="898" ordinal="0" offset="17" sl="26" sc="9" el="26" ec="9" bec="0" bev="0" fileid="18" />
              </SequencePoints>
              <BranchPoints />
            </Method>
          </Methods>
        </Class>
        <Class>
          <Summary numSequencePoints="4" visitedSequencePoints="4" numBranchPoints="0" visitedBranchPoints="0" sequenceCoverage="100.0" branchCoverage="0.0" maxCyclomaticComplexity="0" minCyclomaticComplexity="0" maxCrapScore="0" minCrapScore="0" visitedClasses="1" numClasses="1" visitedMethods="1" numMethods="1" />
          <FullName>Bossy.Command.PositionalAttribute</FullName>
          <Methods>
            <Method visited="true" cyclomaticComplexity="0" nPathComplexity="0" sequenceCoverage="100.0" branchCoverage="0" crapScore="0" isConstructor="true" isStatic="false" isGetter="false" isSetter="false">
              <Summary numSequencePoints="4" visitedSequencePoints="4" numBranchPoints="0" visitedBranchPoints="0" sequenceCoverage="100.0" branchCoverage="0" maxCyclomaticComplexity="0" minCyclomaticComplexity="0" maxCrapScore="0" minCrapScore="0" visitedClasses="0" numClasses="0" visitedMethods="1" numMethods="1" />
              <MetadataToken>100663392</MetadataToken>
              <Name>Bossy.Command.PositionalAttribute::PositionalAttribute(System.Int32, System.String, System.String)</Name>
              <FileRef uid="19" />
              <SequencePoints>
                <SequencePoint vc="9" uspid="899" ordinal="0" offset="0" sl="22" sc="97" el="22" ec="97" bec="0" bev="0" fileid="19" />
                <SequencePoint vc="9" uspid="900" ordinal="0" offset="9" sl="23" sc="9" el="23" ec="9" bec="0" bev="0" fileid="19" />
                <SequencePoint vc="9" uspid="901" ordinal="0" offset="10" sl="24" sc="13" el="24" ec="13" bec="0" bev="0" fileid="19" />
                <SequencePoint vc="9" uspid="902" ordinal="0" offset="17" sl="25" sc="9" el="25" ec="9" bec="0" bev="0" fileid="19" />
              </SequencePoints>
              <BranchPoints />
            </Method>
          </Methods>
        </Class>
        <Class>
          <Summary numSequencePoints="4" visitedSequencePoints="4" numBranchPoints="0" visitedBranchPoints="0" sequenceCoverage="100.0" branchCoverage="0.0" maxCyclomaticComplexity="0" minCyclomaticComplexity="0" maxCrapScore="0" minCrapScore="0" visitedClasses="1" numClasses="1" visitedMethods="1" numMethods="1" />
          <FullName>Bossy.Command.SwitchAttribute</FullName>
          <Methods>
            <Method visited="true" cyclomaticComplexity="0" nPathComplexity="0" sequenceCoverage="100.0" branchCoverage="0" crapScore="0" isConstructor="true" isStatic="false" isGetter="false" isSetter="false">
              <Summary numSequencePoints="4" visitedSequencePoints="4" numBranchPoints="0" visitedBranchPoints="0" sequenceCoverage="100.0" branchCoverage="0" maxCyclomaticComplexity="0" minCyclomaticComplexity="0" maxCrapScore="0" minCrapScore="0" visitedClasses="0" numClasses="0" visitedMethods="1" numMethods="1" />
              <MetadataToken>100663393</MetadataToken>
              <Name>Bossy.Command.SwitchAttribute::SwitchAttribute(System.Char, System.String, System.String)</Name>
              <FileRef uid="20" />
              <SequencePoints>
                <SequencePoint vc="5" uspid="903" ordinal="0" offset="0" sl="22" sc="98" el="22" ec="98" bec="0" bev="0" fileid="20" />
                <SequencePoint vc="5" uspid="904" ordinal="0" offset="9" sl="23" sc="9" el="23" ec="9" bec="0" bev="0" fileid="20" />
                <SequencePoint vc="5" uspid="905" ordinal="0" offset="10" sl="24" sc="13" el="24" ec="13" bec="0" bev="0" fileid="20" />
                <SequencePoint vc="5" uspid="906" ordinal="0" offset="17" sl="25" sc="9" el="25" ec="9" bec="0" bev="0" fileid="20" />
              </SequencePoints>
              <BranchPoints />
            </Method>
          </Methods>
        </Class>
        <Class>
          <Summary numSequencePoints="3" visitedSequencePoints="3" numBranchPoints="0" visitedBranchPoints="0" sequenceCoverage="100.0" branchCoverage="0.0" maxCyclomaticComplexity="0" minCyclomaticComplexity="0" maxCrapScore="0" minCrapScore="0" visitedClasses="1" numClasses="1" visitedMethods="1" numMethods="1" />
          <FullName>Bossy.Command.VariadicAttribute</FullName>
          <Methods>
            <Method visited="true" cyclomaticComplexity="0" nPathComplexity="0" sequenceCoverage="100.0" branchCoverage="0" crapScore="0" isConstructor="true" isStatic="false" isGetter="false" isSetter="false">
              <Summary numSequencePoints="3" visitedSequencePoints="3" numBranchPoints="0" visitedBranchPoints="0" sequenceCoverage="100.0" branchCoverage="0" maxCyclomaticComplexity="0" minCyclomaticComplexity="0" maxCrapScore="0" minCrapScore="0" visitedClasses="0" numClasses="0" visitedMethods="1" numMethods="1" />
              <MetadataToken>100663394</MetadataToken>
              <Name>Bossy.Command.VariadicAttribute::VariadicAttribute(System.String, System.String)</Name>
              <FileRef uid="21" />
              <SequencePoints>
                <SequencePoint vc="7" uspid="907" ordinal="0" offset="0" sl="17" sc="84" el="17" ec="84" bec="0" bev="0" fileid="21" />
                <SequencePoint vc="7" uspid="908" ordinal="0" offset="9" sl="17" sc="116" el="17" ec="116" bec="0" bev="0" fileid="21" />
                <SequencePoint vc="7" uspid="909" ordinal="0" offset="10" sl="17" sc="118" el="17" ec="118" bec="0" bev="0" fileid="21" />
              </SequencePoints>
              <BranchPoints />
            </Method>
          </Methods>
        </Class>
        <Class>
          <Summary numSequencePoints="14" visitedSequencePoints="4" numBranchPoints="0" visitedBranchPoints="0" sequenceCoverage="28.57" branchCoverage="0.0" maxCyclomaticComplexity="0" minCyclomaticComplexity="0" maxCrapScore="0" minCrapScore="0" visitedClasses="1" numClasses="1" visitedMethods="1" numMethods="1" />
          <FullName>Bossy.Registry.ReflectiveCommandDiscoverer/&lt;&gt;c</FullName>
          <Methods>
            <Method visited="true" cyclomaticComplexity="0" nPathComplexity="0" sequenceCoverage="28.57" branchCoverage="0" crapScore="0" isConstructor="false" isStatic="false" isGetter="false" isSetter="false">
              <Summary numSequencePoints="14" visitedSequencePoints="4" numBranchPoints="0" visitedBranchPoints="0" sequenceCoverage="28.57" branchCoverage="0" maxCyclomaticComplexity="0" minCyclomaticComplexity="0" maxCrapScore="0" minCrapScore="0" visitedClasses="0" numClasses="0" visitedMethods="1" numMethods="1" />
              <MetadataToken>100663419</MetadataToken>
              <Name>System.Collections.Generic.IEnumerable[Type] Bossy.Registry.ReflectiveCommandDiscoverer/&lt;&gt;c::&lt;GetAllCommandTypes&gt;b__2_0(System.Reflection.Assembly)</Name>
              <FileRef uid="15" />
              <SequencePoints>
                <SequencePoint vc="5" uspid="950" ordinal="0" offset="0" sl="31" sc="17" el="31" ec="17" bec="0" bev="0" fileid="15" />
                <SequencePoint vc="5" uspid="951" ordinal="0" offset="1" sl="33" sc="21" el="33" ec="21" bec="0" bev="0" fileid="15" />
                <SequencePoint vc="5" uspid="952" ordinal="0" offset="2" sl="34" sc="25" el="34" ec="25" bec="0" bev="0" fileid="15" />
                <SequencePoint vc="0" uspid="953" ordinal="0" offset="11" sl="36" sc="21" el="36" ec="21" bec="0" bev="0" fileid="15" />
                <SequencePoint vc="0" uspid="954" ordinal="0" offset="12" sl="37" sc="21" el="37" ec="21" bec="0" bev="0" fileid="15" />
                <SequencePoint vc="0" uspid="955" ordinal="0" offset="13" sl="38" sc="25" el="38" ec="25" bec="0" bev="0" fileid="15" />
                <SequencePoint vc="0" uspid="956" ordinal="0" offset="14" sl="38" sc="44" el="38" ec="44" bec="0" bev="0" fileid="15" />
                <SequencePoint vc="0" uspid="957" ordinal="0" offset="25" sl="38" sc="34" el="38" ec="34" bec="0" bev="0" fileid="15" />
                <SequencePoint vc="0" uspid="958" ordinal="0" offset="30" sl="39" sc="25" el="39" ec="25" bec="0" bev="0" fileid="15" />
                <SequencePoint vc="0" uspid="959" ordinal="0" offset="31" sl="41" sc="29" el="41" ec="29" bec="0" bev="0" fileid="15" />
                <SequencePoint vc="0" uspid="960" ordinal="0" offset="61" sl="42" sc="25" el="42" ec="25" bec="0" bev="0" fileid="15" />
                <SequencePoint vc="0" uspid="961" ordinal="0" offset="66" sl="38" sc="41" el="38" ec="41" bec="0" bev="0" fileid="15" />
                <SequencePoint vc="0" uspid="962" ordinal="0" offset="72" sl="44" sc="25" el="44" ec="25" bec="0" bev="0" fileid="15" />
                <SequencePoint vc="5" uspid="963" ordinal="0" offset="117" sl="46" sc="17" el="46" ec="17" bec="0" bev="0" fileid="15" />
              </SequencePoints>
              <BranchPoints />
            </Method>
          </Methods>
        </Class>
      </Classes>
    </Module>
  </Modules>
</CoverageSession>